{"type":"server-started","port":50288,"host":"127.0.0.1","url_host":"localhost","url":"http://localhost:50288","screen_dir":"/Users/Mouj/Desktop/salon-mimi/.superpowers/brainstorm/17104-1778934460/content","state_dir":"/Users/Mouj/Desktop/salon-mimi/.superpowers/brainstorm/17104-1778934460/state"}
{"type":"screen-added","file":"/Users/Mouj/Desktop/salon-mimi/.superpowers/brainstorm/17104-1778934460/content/style-direction.html"}
{"type":"screen-updated","file":"/Users/Mouj/Desktop/salon-mimi/.superpowers/brainstorm/17104-1778934460/content/style-direction.html"}
{"source":"user-event","type":"click","text":"MIMI\n        Marrakech ✦\n      \n      \n        YOUR\n        CROWN\n        \n          BOOK NOW\n        \n      \n    \n    \n      Bold & Culture\n      Couleurs profondes (brun/terracotta), typographie contrastée bold+italic, formes géométriques. Style Africa Beauty, Fenty. Affirmé, culturel, sans compromis.","choice":"bold-culture","id":null,"timestamp":1778934564825}
{"source":"user-event","type":"click","text":"MIMI\n        Marrakech ✦\n      \n      \n        YOUR\n        CROWN\n        \n          BOOK NOW\n        \n      \n    \n    \n      Bold & Culture\n      Couleurs profondes (brun/terracotta), typographie contrastée bold+italic, formes géométriques. Style Africa Beauty, Fenty. Affirmé, culturel, sans compromis.","choice":"bold-culture","id":null,"timestamp":1778934583088}
{"source":"user-event","type":"click","text":"MIMI\n        Marrakech ✦\n      \n      \n        YOUR\n        CROWN\n        \n          BOOK NOW\n        \n      \n    \n    \n      Bold & Culture\n      Couleurs profondes (brun/terracotta), typographie contrastée bold+italic, formes géométriques. Style Africa Beauty, Fenty. Affirmé, culturel, sans compromis.","choice":"bold-culture","id":null,"timestamp":1778934584288}
{"source":"user-event","type":"click","text":"MIMI\n        Marrakech ✦\n      \n      \n        YOUR\n        CROWN\n        \n          BOOK NOW\n        \n      \n    \n    \n      Bold & Culture\n      Couleurs profondes (brun/terracotta), typographie contrastée bold+italic, formes géométriques. Style Africa Beauty, Fenty. Affirmé, culturel, sans compromis.","choice":"bold-culture","id":null,"timestamp":1778934584520}
{"source":"user-event","type":"click","text":"MIMI\n        Marrakech ✦\n      \n      \n        YOUR\n        CROWN\n        \n          BOOK NOW\n        \n      \n    \n    \n      Bold & Culture\n      Couleurs profondes (brun/terracotta), typographie contrastée bold+italic, formes géométriques. Style Africa Beauty, Fenty. Affirmé, culturel, sans compromis.","choice":"bold-culture","id":null,"timestamp":1778934585464}
{"type":"screen-added","file":"/Users/Mouj/Desktop/salon-mimi/.superpowers/brainstorm/17104-1778934460/content/animations.html"}
{"type":"screen-updated","file":"/Users/Mouj/Desktop/salon-mimi/.superpowers/brainstorm/17104-1778934460/content/animations.html"}
{"source":"user-event","type":"click","text":"B\n    \n      Micro-animations sobres\n      Fade-in au scroll (opacity+translateY), hover effects sur les boutons/cartes, transition de page douce. Rien qui \"performe\". Exemples : Aesop, Byredo, Africa Beauty.\n      \n        PourImpression de qualitéJamais tape-à-l'oeilStandard premium\n        ContreDemande soin dans l'implémentation","choice":"subtle","id":null,"timestamp":1778934673932}
{"source":"user-event","type":"click","text":"B\n    \n      Micro-animations sobres\n      Fade-in au scroll (opacity+translateY), hover effects sur les boutons/cartes, transition de page douce. Rien qui \"performe\". Exemples : Aesop, Byredo, Africa Beauty.\n      \n        PourImpression de qualitéJamais tape-à-l'oeilStandard premium\n        ContreDemande soin dans l'implémentation","choice":"subtle","id":null,"timestamp":1778934677117}
{"source":"user-event","type":"click","text":"B\n    \n      Micro-animations sobres\n      Fade-in au scroll (opacity+translateY), hover effects sur les boutons/cartes, transition de page douce. Rien qui \"performe\". Exemples : Aesop, Byredo, Africa Beauty.\n      \n        PourImpression de qualitéJamais tape-à-l'oeilStandard premium\n        ContreDemande soin dans l'implémentation","choice":"subtle","id":null,"timestamp":1778934679549}
{"type":"screen-added","file":"/Users/Mouj/Desktop/salon-mimi/.superpowers/brainstorm/17104-1778934460/content/waiting-1.html"}
{"type":"screen-updated","file":"/Users/Mouj/Desktop/salon-mimi/.superpowers/brainstorm/17104-1778934460/content/waiting-1.html"}
{"type":"screen-added","file":"/Users/Mouj/Desktop/salon-mimi/.superpowers/brainstorm/17104-1778934460/content/approaches.html"}
{"type":"screen-updated","file":"/Users/Mouj/Desktop/salon-mimi/.superpowers/brainstorm/17104-1778934460/content/approaches.html"}
{"type":"screen-added","file":"/Users/Mouj/Desktop/salon-mimi/.superpowers/brainstorm/17104-1778934460/content/design-home.html"}
{"type":"screen-updated","file":"/Users/Mouj/Desktop/salon-mimi/.superpowers/brainstorm/17104-1778934460/content/design-home.html"}
{"type":"screen-updated","file":"/Users/Mouj/Desktop/salon-mimi/.superpowers/brainstorm/17104-1778934460/content/design-home.html"}
{"type":"screen-added","file":"/Users/Mouj/Desktop/salon-mimi/.superpowers/brainstorm/17104-1778934460/content/design-home-v2.html"}
{"type":"screen-updated","file":"/Users/Mouj/Desktop/salon-mimi/.superpowers/brainstorm/17104-1778934460/content/design-home-v2.html"}
{"type":"screen-updated","file":"/Users/Mouj/Desktop/salon-mimi/.superpowers/brainstorm/17104-1778934460/content/design-home-v2.html"}
{"type":"screen-updated","file":"/Users/Mouj/Desktop/salon-mimi/.superpowers/brainstorm/17104-1778934460/content/design-home-v2.html"}
{"type":"screen-updated","file":"/Users/Mouj/Desktop/salon-mimi/.superpowers/brainstorm/17104-1778934460/content/design-home-v2.html"}
{"type":"screen-added","file":"/Users/Mouj/Desktop/salon-mimi/.superpowers/brainstorm/17104-1778934460/content/accroches.html"}
{"type":"screen-updated","file":"/Users/Mouj/Desktop/salon-mimi/.superpowers/brainstorm/17104-1778934460/content/accroches.html"}
{"source":"user-event","type":"click","text":"A\n    \n      \n        Tes cheveux méritent\n        mieux qu'une coiffure ordinaire.\n      \n      \n        Interpelle directement. \"Ordinaire\" crée un contraste — le visiteur se demande automatiquement ce que ça donne en mieux.","choice":"A","id":null,"timestamp":1778936416768}
{"type":"screen-added","file":"/Users/Mouj/Desktop/salon-mimi/.superpowers/brainstorm/17104-1778934460/content/design-services.html"}
{"type":"screen-updated","file":"/Users/Mouj/Desktop/salon-mimi/.superpowers/brainstorm/17104-1778934460/content/design-services.html"}
{"type":"screen-updated","file":"/Users/Mouj/Desktop/salon-mimi/.superpowers/brainstorm/17104-1778934460/content/design-services.html"}
{"type":"screen-updated","file":"/Users/Mouj/Desktop/salon-mimi/.superpowers/brainstorm/17104-1778934460/content/design-services.html"}
{"type":"screen-updated","file":"/Users/Mouj/Desktop/salon-mimi/.superpowers/brainstorm/17104-1778934460/content/design-services.html"}
{"type":"screen-updated","file":"/Users/Mouj/Desktop/salon-mimi/.superpowers/brainstorm/17104-1778934460/content/design-services.html"}
{"type":"screen-updated","file":"/Users/Mouj/Desktop/salon-mimi/.superpowers/brainstorm/17104-1778934460/content/design-services.html"}
{"type":"screen-updated","file":"/Users/Mouj/Desktop/salon-mimi/.superpowers/brainstorm/17104-1778934460/content/design-services.html"}
{"type":"screen-added","file":"/Users/Mouj/Desktop/salon-mimi/.superpowers/brainstorm/17104-1778934460/content/panneaux-options.html"}
{"type":"screen-updated","file":"/Users/Mouj/Desktop/salon-mimi/.superpowers/brainstorm/17104-1778934460/content/design-services.html"}
{"type":"screen-updated","file":"/Users/Mouj/Desktop/salon-mimi/.superpowers/brainstorm/17104-1778934460/content/design-services.html"}
{"type":"screen-added","file":"/Users/Mouj/Desktop/salon-mimi/.superpowers/brainstorm/17104-1778934460/content/design-services-v2.html"}
{"type":"screen-updated","file":"/Users/Mouj/Desktop/salon-mimi/.superpowers/brainstorm/17104-1778934460/content/design-services-v2.html"}
{"type":"screen-added","file":"/Users/Mouj/Desktop/salon-mimi/.superpowers/brainstorm/17104-1778934460/content/design-reservation.html"}
{"type":"screen-updated","file":"/Users/Mouj/Desktop/salon-mimi/.superpowers/brainstorm/17104-1778934460/content/design-reservation.html"}
{"type":"screen-updated","file":"/Users/Mouj/Desktop/salon-mimi/.superpowers/brainstorm/17104-1778934460/content/design-reservation.html"}
{"type":"screen-updated","file":"/Users/Mouj/Desktop/salon-mimi/.superpowers/brainstorm/17104-1778934460/content/design-reservation.html"}
{"type":"screen-updated","file":"/Users/Mouj/Desktop/salon-mimi/.superpowers/brainstorm/17104-1778934460/content/design-reservation.html"}
{"type":"screen-updated","file":"/Users/Mouj/Desktop/salon-mimi/.superpowers/brainstorm/17104-1778934460/content/design-reservation.html"}
{"type":"server-stopped","reason":"idle timeout"}
